Analysis & Synthesis report for top
Wed Oct 23 14:56:46 2024
Quartus II 64-Bit Version 13.0.1 Build 232 06/12/2013 Service Pack 1 SJ Full Version


---------------------
; Table of Contents ;
---------------------
  1. Legal Notice
  2. Analysis & Synthesis Summary
  3. Analysis & Synthesis Settings
  4. Parallel Compilation
  5. Analysis & Synthesis Source Files Read
  6. Analysis & Synthesis Resource Usage Summary
  7. Analysis & Synthesis Resource Utilization by Entity
  8. State Machine - |top|i2c_codec:inst2|state
  9. State Machine - |top|ram_codec_fsm:inst3|state
 10. Registers Removed During Synthesis
 11. General Register Statistics
 12. Inverted Register Statistics
 13. Multiplexer Restructuring Statistics (Restructuring Performed)
 14. Parameter Settings for User Entity Instance: ram_codec_fsm:inst3
 15. Parameter Settings for User Entity Instance: stream_codec:inst
 16. Parameter Settings for User Entity Instance: i2c_codec:inst2
 17. Parameter Settings for User Entity Instance: clock_div:inst1
 18. Elapsed Time Per Partition
 19. Analysis & Synthesis Messages



----------------
; Legal Notice ;
----------------
Copyright (C) 1991-2013 Altera Corporation
Your use of Altera Corporation's design tools, logic functions 
and other software and tools, and its AMPP partner logic 
functions, and any output files from any of the foregoing 
(including device programming or simulation files), and any 
associated documentation or information are expressly subject 
to the terms and conditions of the Altera Program License 
Subscription Agreement, Altera MegaCore Function License 
Agreement, or other applicable license agreement, including, 
without limitation, that your use is for the sole purpose of 
programming logic devices manufactured by Altera and sold by 
Altera or its authorized distributors.  Please refer to the 
applicable agreement for further details.



+---------------------------------------------------------------------------------------+
; Analysis & Synthesis Summary                                                          ;
+------------------------------------+--------------------------------------------------+
; Analysis & Synthesis Status        ; Successful - Wed Oct 23 14:56:46 2024            ;
; Quartus II 64-Bit Version          ; 13.0.1 Build 232 06/12/2013 SP 1 SJ Full Version ;
; Revision Name                      ; top                                              ;
; Top-level Entity Name              ; top                                              ;
; Family                             ; Cyclone II                                       ;
; Total logic elements               ; 455                                              ;
;     Total combinational functions  ; 415                                              ;
;     Dedicated logic registers      ; 273                                              ;
; Total registers                    ; 273                                              ;
; Total pins                         ; 57                                               ;
; Total virtual pins                 ; 0                                                ;
; Total memory bits                  ; 0                                                ;
; Embedded Multiplier 9-bit elements ; 0                                                ;
; Total PLLs                         ; 0                                                ;
+------------------------------------+--------------------------------------------------+


+----------------------------------------------------------------------------------------------------------------------+
; Analysis & Synthesis Settings                                                                                        ;
+----------------------------------------------------------------------------+--------------------+--------------------+
; Option                                                                     ; Setting            ; Default Value      ;
+----------------------------------------------------------------------------+--------------------+--------------------+
; Device                                                                     ; EP2C20F484C7       ;                    ;
; Top-level entity name                                                      ; top                ; top                ;
; Family name                                                                ; Cyclone II         ; Cyclone IV GX      ;
; Use smart compilation                                                      ; Off                ; Off                ;
; Enable parallel Assembler and TimeQuest Timing Analyzer during compilation ; On                 ; On                 ;
; Enable compact report table                                                ; Off                ; Off                ;
; Restructure Multiplexers                                                   ; Auto               ; Auto               ;
; Create Debugging Nodes for IP Cores                                        ; Off                ; Off                ;
; Preserve fewer node names                                                  ; On                 ; On                 ;
; Disable OpenCore Plus hardware evaluation                                  ; Off                ; Off                ;
; Verilog Version                                                            ; Verilog_2001       ; Verilog_2001       ;
; VHDL Version                                                               ; VHDL_1993          ; VHDL_1993          ;
; State Machine Processing                                                   ; Auto               ; Auto               ;
; Safe State Machine                                                         ; Off                ; Off                ;
; Extract Verilog State Machines                                             ; On                 ; On                 ;
; Extract VHDL State Machines                                                ; On                 ; On                 ;
; Ignore Verilog initial constructs                                          ; Off                ; Off                ;
; Iteration limit for constant Verilog loops                                 ; 5000               ; 5000               ;
; Iteration limit for non-constant Verilog loops                             ; 250                ; 250                ;
; Add Pass-Through Logic to Inferred RAMs                                    ; On                 ; On                 ;
; Infer RAMs from Raw Logic                                                  ; On                 ; On                 ;
; Parallel Synthesis                                                         ; On                 ; On                 ;
; DSP Block Balancing                                                        ; Auto               ; Auto               ;
; NOT Gate Push-Back                                                         ; On                 ; On                 ;
; Power-Up Don't Care                                                        ; On                 ; On                 ;
; Remove Redundant Logic Cells                                               ; Off                ; Off                ;
; Remove Duplicate Registers                                                 ; On                 ; On                 ;
; Ignore CARRY Buffers                                                       ; Off                ; Off                ;
; Ignore CASCADE Buffers                                                     ; Off                ; Off                ;
; Ignore GLOBAL Buffers                                                      ; Off                ; Off                ;
; Ignore ROW GLOBAL Buffers                                                  ; Off                ; Off                ;
; Ignore LCELL Buffers                                                       ; Off                ; Off                ;
; Ignore SOFT Buffers                                                        ; On                 ; On                 ;
; Limit AHDL Integers to 32 Bits                                             ; Off                ; Off                ;
; Optimization Technique                                                     ; Balanced           ; Balanced           ;
; Carry Chain Length                                                         ; 70                 ; 70                 ;
; Auto Carry Chains                                                          ; On                 ; On                 ;
; Auto Open-Drain Pins                                                       ; On                 ; On                 ;
; Perform WYSIWYG Primitive Resynthesis                                      ; Off                ; Off                ;
; Auto ROM Replacement                                                       ; On                 ; On                 ;
; Auto RAM Replacement                                                       ; On                 ; On                 ;
; Auto Shift Register Replacement                                            ; Auto               ; Auto               ;
; Allow Shift Register Merging across Hierarchies                            ; Auto               ; Auto               ;
; Auto Clock Enable Replacement                                              ; On                 ; On                 ;
; Strict RAM Replacement                                                     ; Off                ; Off                ;
; Allow Synchronous Control Signals                                          ; On                 ; On                 ;
; Force Use of Synchronous Clear Signals                                     ; Off                ; Off                ;
; Auto RAM to Logic Cell Conversion                                          ; Off                ; Off                ;
; Auto Resource Sharing                                                      ; Off                ; Off                ;
; Allow Any RAM Size For Recognition                                         ; Off                ; Off                ;
; Allow Any ROM Size For Recognition                                         ; Off                ; Off                ;
; Allow Any Shift Register Size For Recognition                              ; Off                ; Off                ;
; Use LogicLock Constraints during Resource Balancing                        ; On                 ; On                 ;
; Ignore translate_off and synthesis_off directives                          ; Off                ; Off                ;
; Timing-Driven Synthesis                                                    ; Off                ; Off                ;
; Report Parameter Settings                                                  ; On                 ; On                 ;
; Report Source Assignments                                                  ; On                 ; On                 ;
; Report Connectivity Checks                                                 ; On                 ; On                 ;
; Ignore Maximum Fan-Out Assignments                                         ; Off                ; Off                ;
; Synchronization Register Chain Length                                      ; 2                  ; 2                  ;
; PowerPlay Power Optimization                                               ; Normal compilation ; Normal compilation ;
; HDL message level                                                          ; Level2             ; Level2             ;
; Suppress Register Optimization Related Messages                            ; Off                ; Off                ;
; Number of Removed Registers Reported in Synthesis Report                   ; 5000               ; 5000               ;
; Number of Swept Nodes Reported in Synthesis Report                         ; 5000               ; 5000               ;
; Number of Inverted Registers Reported in Synthesis Report                  ; 100                ; 100                ;
; Clock MUX Protection                                                       ; On                 ; On                 ;
; Auto Gated Clock Conversion                                                ; Off                ; Off                ;
; Block Design Naming                                                        ; Auto               ; Auto               ;
; SDC constraint protection                                                  ; Off                ; Off                ;
; Synthesis Effort                                                           ; Auto               ; Auto               ;
; Shift Register Replacement - Allow Asynchronous Clear Signal               ; On                 ; On                 ;
; Pre-Mapping Resynthesis Optimization                                       ; Off                ; Off                ;
; Analysis & Synthesis Message Level                                         ; Medium             ; Medium             ;
; Disable Register Merging Across Hierarchies                                ; Auto               ; Auto               ;
; Resource Aware Inference For Block RAM                                     ; On                 ; On                 ;
; Synthesis Seed                                                             ; 1                  ; 1                  ;
+----------------------------------------------------------------------------+--------------------+--------------------+


+------------------------------------------+
; Parallel Compilation                     ;
+----------------------------+-------------+
; Processors                 ; Number      ;
+----------------------------+-------------+
; Number detected on machine ; 20          ;
; Maximum allowed            ; 12          ;
;                            ;             ;
; Average used               ; 1.00        ;
; Maximum used               ; 1           ;
;                            ;             ;
; Usage by Processor         ; % Time Used ;
;     Processor 1            ; 100.0%      ;
;     Processors 2-20        ;   0.0%      ;
+----------------------------+-------------+


+-----------------------------------------------------------------------------------------------------------------------------------------------------------------------------------------------------+
; Analysis & Synthesis Source Files Read                                                                                                                                                              ;
+----------------------------------+-----------------+------------------------------------+-------------------------------------------------------------------------------------------------+---------+
; File Name with User-Entered Path ; Used in Netlist ; File Type                          ; File Name with Absolute Path                                                                    ; Library ;
+----------------------------------+-----------------+------------------------------------+-------------------------------------------------------------------------------------------------+---------+
; clock_div.vhd                    ; yes             ; User VHDL File                     ; C:/Users/ykozmenk/OneDrive - purdue.edu/Classes/ECET 349/Lab9_SRAM_Audio/Lab9/clock_div.vhd     ;         ;
; stream_codec.vhd                 ; yes             ; User VHDL File                     ; C:/Users/ykozmenk/OneDrive - purdue.edu/Classes/ECET 349/Lab9_SRAM_Audio/Lab9/stream_codec.vhd  ;         ;
; ram_codec_fsm.vhd                ; yes             ; User VHDL File                     ; C:/Users/ykozmenk/OneDrive - purdue.edu/Classes/ECET 349/Lab9_SRAM_Audio/Lab9/ram_codec_fsm.vhd ;         ;
; i2c_codec.vhd                    ; yes             ; User VHDL File                     ; C:/Users/ykozmenk/OneDrive - purdue.edu/Classes/ECET 349/Lab9_SRAM_Audio/Lab9/i2c_codec.vhd     ;         ;
; top.bdf                          ; yes             ; User Block Diagram/Schematic File  ; C:/Users/ykozmenk/OneDrive - purdue.edu/Classes/ECET 349/Lab9_SRAM_Audio/Lab9/top.bdf           ;         ;
+----------------------------------+-----------------+------------------------------------+-------------------------------------------------------------------------------------------------+---------+


+-----------------------------------------------------+
; Analysis & Synthesis Resource Usage Summary         ;
+---------------------------------------------+-------+
; Resource                                    ; Usage ;
+---------------------------------------------+-------+
; Estimated Total logic elements              ; 455   ;
;                                             ;       ;
; Total combinational functions               ; 415   ;
; Logic element usage by number of LUT inputs ;       ;
;     -- 4 input functions                    ; 196   ;
;     -- 3 input functions                    ; 35    ;
;     -- <=2 input functions                  ; 184   ;
;                                             ;       ;
; Logic elements by mode                      ;       ;
;     -- normal mode                          ; 265   ;
;     -- arithmetic mode                      ; 150   ;
;                                             ;       ;
; Total registers                             ; 273   ;
;     -- Dedicated logic registers            ; 273   ;
;     -- I/O registers                        ; 0     ;
;                                             ;       ;
; I/O pins                                    ; 57    ;
; Embedded Multiplier 9-bit elements          ; 0     ;
; Maximum fan-out node                        ; RST   ;
; Maximum fan-out                             ; 170   ;
; Total fan-out                               ; 2209  ;
; Average fan-out                             ; 2.97  ;
+---------------------------------------------+-------+


+----------------------------------------------------------------------------------------------------------------------------------------------------------------------------------+
; Analysis & Synthesis Resource Utilization by Entity                                                                                                                              ;
+----------------------------+-------------------+--------------+-------------+--------------+---------+-----------+------+--------------+--------------------------+--------------+
; Compilation Hierarchy Node ; LC Combinationals ; LC Registers ; Memory Bits ; DSP Elements ; DSP 9x9 ; DSP 18x18 ; Pins ; Virtual Pins ; Full Hierarchy Name      ; Library Name ;
+----------------------------+-------------------+--------------+-------------+--------------+---------+-----------+------+--------------+--------------------------+--------------+
; |top                       ; 415 (0)           ; 273 (0)      ; 0           ; 0            ; 0       ; 0         ; 57   ; 0            ; |top                     ; work         ;
;    |clock_div:inst1|       ; 20 (20)           ; 11 (11)      ; 0           ; 0            ; 0       ; 0         ; 0    ; 0            ; |top|clock_div:inst1     ; work         ;
;    |i2c_codec:inst2|       ; 180 (180)         ; 87 (87)      ; 0           ; 0            ; 0       ; 0         ; 0    ; 0            ; |top|i2c_codec:inst2     ; work         ;
;    |ram_codec_fsm:inst3|   ; 158 (158)         ; 134 (134)    ; 0           ; 0            ; 0       ; 0         ; 0    ; 0            ; |top|ram_codec_fsm:inst3 ; work         ;
;    |stream_codec:inst|     ; 57 (57)           ; 41 (41)      ; 0           ; 0            ; 0       ; 0         ; 0    ; 0            ; |top|stream_codec:inst   ; work         ;
+----------------------------+-------------------+--------------+-------------+--------------+---------+-----------+------+--------------+--------------------------+--------------+
Note: For table entries with two numbers listed, the numbers in parentheses indicate the number of resources of the given type used by the specific entity alone. The numbers listed outside of parentheses indicate the total resources of the given type used by the specific entity and all of its sub-entities in the hierarchy.


Encoding Type:  One-Hot
+--------------------------------------------------------------------------------------------------------------------------------------------------------------------------+
; State Machine - |top|i2c_codec:inst2|state                                                                                                                               ;
+---------------+---------------+---------------+--------------+---------------+--------------+---------------+--------------+--------------+---------------+--------------+
; Name          ; state.s_stop2 ; state.s_stop1 ; state.s_ack3 ; state.s_byte2 ; state.s_ack2 ; state.s_byte1 ; state.s_ack1 ; state.s_addr ; state.s_start ; state.s_idle ;
+---------------+---------------+---------------+--------------+---------------+--------------+---------------+--------------+--------------+---------------+--------------+
; state.s_idle  ; 0             ; 0             ; 0            ; 0             ; 0            ; 0             ; 0            ; 0            ; 0             ; 0            ;
; state.s_start ; 0             ; 0             ; 0            ; 0             ; 0            ; 0             ; 0            ; 0            ; 1             ; 1            ;
; state.s_addr  ; 0             ; 0             ; 0            ; 0             ; 0            ; 0             ; 0            ; 1            ; 0             ; 1            ;
; state.s_ack1  ; 0             ; 0             ; 0            ; 0             ; 0            ; 0             ; 1            ; 0            ; 0             ; 1            ;
; state.s_byte1 ; 0             ; 0             ; 0            ; 0             ; 0            ; 1             ; 0            ; 0            ; 0             ; 1            ;
; state.s_ack2  ; 0             ; 0             ; 0            ; 0             ; 1            ; 0             ; 0            ; 0            ; 0             ; 1            ;
; state.s_byte2 ; 0             ; 0             ; 0            ; 1             ; 0            ; 0             ; 0            ; 0            ; 0             ; 1            ;
; state.s_ack3  ; 0             ; 0             ; 1            ; 0             ; 0            ; 0             ; 0            ; 0            ; 0             ; 1            ;
; state.s_stop1 ; 0             ; 1             ; 0            ; 0             ; 0            ; 0             ; 0            ; 0            ; 0             ; 1            ;
; state.s_stop2 ; 1             ; 0             ; 0            ; 0             ; 0            ; 0             ; 0            ; 0            ; 0             ; 1            ;
+---------------+---------------+---------------+--------------+---------------+--------------+---------------+--------------+--------------+---------------+--------------+


Encoding Type:  One-Hot
+------------------------------------------------------------------------------------------------------------------------------------------------------------------+
; State Machine - |top|ram_codec_fsm:inst3|state                                                                                                                   ;
+-----------------+-----------------+-----------------+-----------------+-----------------+---------------+-------------+-------------+---------------+------------+
; Name            ; state.read_ram3 ; state.read_ram2 ; state.read_ram1 ; state.read_ram0 ; state.config1 ; state.wait1 ; state.wait0 ; state.config0 ; state.idle ;
+-----------------+-----------------+-----------------+-----------------+-----------------+---------------+-------------+-------------+---------------+------------+
; state.idle      ; 0               ; 0               ; 0               ; 0               ; 0             ; 0           ; 0           ; 0             ; 0          ;
; state.config0   ; 0               ; 0               ; 0               ; 0               ; 0             ; 0           ; 0           ; 1             ; 1          ;
; state.wait0     ; 0               ; 0               ; 0               ; 0               ; 0             ; 0           ; 1           ; 0             ; 1          ;
; state.wait1     ; 0               ; 0               ; 0               ; 0               ; 0             ; 1           ; 0           ; 0             ; 1          ;
; state.config1   ; 0               ; 0               ; 0               ; 0               ; 1             ; 0           ; 0           ; 0             ; 1          ;
; state.read_ram0 ; 0               ; 0               ; 0               ; 1               ; 0             ; 0           ; 0           ; 0             ; 1          ;
; state.read_ram1 ; 0               ; 0               ; 1               ; 0               ; 0             ; 0           ; 0           ; 0             ; 1          ;
; state.read_ram2 ; 0               ; 1               ; 0               ; 0               ; 0             ; 0           ; 0           ; 0             ; 1          ;
; state.read_ram3 ; 1               ; 0               ; 0               ; 0               ; 0             ; 0           ; 0           ; 0             ; 1          ;
+-----------------+-----------------+-----------------+-----------------+-----------------+---------------+-------------+-------------+---------------+------------+


+---------------------------------------------------------------------------------------+
; Registers Removed During Synthesis                                                    ;
+----------------------------------------+----------------------------------------------+
; Register name                          ; Reason for Removal                           ;
+----------------------------------------+----------------------------------------------+
; ram_codec_fsm:inst3|ram_data[5]~en     ; Stuck at GND due to stuck port data_in       ;
; ram_codec_fsm:inst3|ram_data[4]~en     ; Stuck at GND due to stuck port data_in       ;
; ram_codec_fsm:inst3|ram_data[3]~en     ; Stuck at GND due to stuck port data_in       ;
; ram_codec_fsm:inst3|ram_data[2]~en     ; Stuck at GND due to stuck port data_in       ;
; ram_codec_fsm:inst3|ram_data[1]~en     ; Stuck at GND due to stuck port data_in       ;
; ram_codec_fsm:inst3|ram_data[0]~en     ; Stuck at GND due to stuck port data_in       ;
; ram_codec_fsm:inst3|ram_data[6]~en     ; Stuck at GND due to stuck port data_in       ;
; ram_codec_fsm:inst3|ram_data[7]~en     ; Stuck at GND due to stuck port data_in       ;
; ram_codec_fsm:inst3|ram_data[8]~en     ; Stuck at GND due to stuck port data_in       ;
; ram_codec_fsm:inst3|ram_data[9]~en     ; Stuck at GND due to stuck port data_in       ;
; ram_codec_fsm:inst3|ram_data[10]~en    ; Stuck at GND due to stuck port data_in       ;
; ram_codec_fsm:inst3|ram_data[11]~en    ; Stuck at GND due to stuck port data_in       ;
; ram_codec_fsm:inst3|ram_data[12]~en    ; Stuck at GND due to stuck port data_in       ;
; ram_codec_fsm:inst3|ram_data[13]~en    ; Stuck at GND due to stuck port data_in       ;
; ram_codec_fsm:inst3|ram_data[14]~en    ; Stuck at GND due to stuck port data_in       ;
; ram_codec_fsm:inst3|ram_data[15]~en    ; Stuck at GND due to stuck port data_in       ;
; ram_codec_fsm:inst3|reg_addr[4..6]     ; Stuck at GND due to stuck port data_in       ;
; ram_codec_fsm:inst3|reg_data[5..8]     ; Stuck at GND due to stuck port data_in       ;
; ram_codec_fsm:inst3|WE                 ; Stuck at VCC due to stuck port data_in       ;
; ram_codec_fsm:inst3|right_out[15]      ; Merged with ram_codec_fsm:inst3|left_out[15] ;
; ram_codec_fsm:inst3|right_out[14]      ; Merged with ram_codec_fsm:inst3|left_out[14] ;
; ram_codec_fsm:inst3|right_out[13]      ; Merged with ram_codec_fsm:inst3|left_out[13] ;
; ram_codec_fsm:inst3|right_out[12]      ; Merged with ram_codec_fsm:inst3|left_out[12] ;
; ram_codec_fsm:inst3|right_out[11]      ; Merged with ram_codec_fsm:inst3|left_out[11] ;
; ram_codec_fsm:inst3|right_out[10]      ; Merged with ram_codec_fsm:inst3|left_out[10] ;
; ram_codec_fsm:inst3|right_out[9]       ; Merged with ram_codec_fsm:inst3|left_out[9]  ;
; ram_codec_fsm:inst3|right_out[8]       ; Merged with ram_codec_fsm:inst3|left_out[8]  ;
; ram_codec_fsm:inst3|right_out[7]       ; Merged with ram_codec_fsm:inst3|left_out[7]  ;
; ram_codec_fsm:inst3|right_out[6]       ; Merged with ram_codec_fsm:inst3|left_out[6]  ;
; ram_codec_fsm:inst3|right_out[5]       ; Merged with ram_codec_fsm:inst3|left_out[5]  ;
; ram_codec_fsm:inst3|right_out[4]       ; Merged with ram_codec_fsm:inst3|left_out[4]  ;
; ram_codec_fsm:inst3|right_out[3]       ; Merged with ram_codec_fsm:inst3|left_out[3]  ;
; ram_codec_fsm:inst3|right_out[2]       ; Merged with ram_codec_fsm:inst3|left_out[2]  ;
; ram_codec_fsm:inst3|right_out[1]       ; Merged with ram_codec_fsm:inst3|left_out[1]  ;
; ram_codec_fsm:inst3|right_out[0]       ; Merged with ram_codec_fsm:inst3|left_out[0]  ;
; ram_codec_fsm:inst3|OE                 ; Merged with ram_codec_fsm:inst3|LB           ;
; ram_codec_fsm:inst3|UB                 ; Merged with ram_codec_fsm:inst3|LB           ;
; ram_codec_fsm:inst3|ram_data[15]~reg0  ; Stuck at GND due to stuck port data_in       ;
; ram_codec_fsm:inst3|ram_data[14]~reg0  ; Stuck at GND due to stuck port data_in       ;
; ram_codec_fsm:inst3|ram_data[13]~reg0  ; Stuck at GND due to stuck port data_in       ;
; ram_codec_fsm:inst3|ram_data[12]~reg0  ; Stuck at GND due to stuck port data_in       ;
; ram_codec_fsm:inst3|ram_data[11]~reg0  ; Stuck at GND due to stuck port data_in       ;
; ram_codec_fsm:inst3|ram_data[10]~reg0  ; Stuck at GND due to stuck port data_in       ;
; ram_codec_fsm:inst3|ram_data[9]~reg0   ; Stuck at GND due to stuck port data_in       ;
; ram_codec_fsm:inst3|ram_data[8]~reg0   ; Stuck at GND due to stuck port data_in       ;
; ram_codec_fsm:inst3|ram_data[7]~reg0   ; Stuck at GND due to stuck port data_in       ;
; ram_codec_fsm:inst3|ram_data[6]~reg0   ; Stuck at GND due to stuck port data_in       ;
; ram_codec_fsm:inst3|ram_data[5]~reg0   ; Stuck at GND due to stuck port data_in       ;
; ram_codec_fsm:inst3|ram_data[4]~reg0   ; Stuck at GND due to stuck port data_in       ;
; ram_codec_fsm:inst3|ram_data[3]~reg0   ; Stuck at GND due to stuck port data_in       ;
; ram_codec_fsm:inst3|ram_data[2]~reg0   ; Stuck at GND due to stuck port data_in       ;
; ram_codec_fsm:inst3|ram_data[1]~reg0   ; Stuck at GND due to stuck port data_in       ;
; ram_codec_fsm:inst3|ram_data[0]~reg0   ; Stuck at GND due to stuck port data_in       ;
; Total Number of Removed Registers = 58 ;                                              ;
+----------------------------------------+----------------------------------------------+


+------------------------------------------------------+
; General Register Statistics                          ;
+----------------------------------------------+-------+
; Statistic                                    ; Value ;
+----------------------------------------------+-------+
; Total registers                              ; 273   ;
; Number of registers using Synchronous Clear  ; 0     ;
; Number of registers using Synchronous Load   ; 13    ;
; Number of registers using Asynchronous Clear ; 140   ;
; Number of registers using Asynchronous Load  ; 0     ;
; Number of registers using Clock Enable       ; 212   ;
; Number of registers using Preset             ; 0     ;
+----------------------------------------------+-------+


+--------------------------------------------------+
; Inverted Register Statistics                     ;
+----------------------------------------+---------+
; Inverted Register                      ; Fan out ;
+----------------------------------------+---------+
; ram_codec_fsm:inst3|CE                 ; 2       ;
; i2c_codec:inst2|aux_scl                ; 3       ;
; i2c_codec:inst2|idle                   ; 5       ;
; i2c_codec:inst2|i2c_sda~reg0           ; 1       ;
; i2c_codec:inst2|i2c_sda~en             ; 1       ;
; i2c_codec:inst2|tick_count[31]         ; 2       ;
; i2c_codec:inst2|tick_count[0]          ; 2       ;
; i2c_codec:inst2|bit_count[31]          ; 2       ;
; i2c_codec:inst2|bit_count[0]           ; 2       ;
; Total number of inverted registers = 9 ;         ;
+----------------------------------------+---------+


+-----------------------------------------------------------------------------------------------------------------------------------------------------+
; Multiplexer Restructuring Statistics (Restructuring Performed)                                                                                      ;
+--------------------+-----------+---------------+----------------------+------------------------+------------+---------------------------------------+
; Multiplexer Inputs ; Bus Width ; Baseline Area ; Area if Restructured ; Saving if Restructured ; Registered ; Example Multiplexer Output            ;
+--------------------+-----------+---------------+----------------------+------------------------+------------+---------------------------------------+
; 3:1                ; 9 bits    ; 18 LEs        ; 9 LEs                ; 9 LEs                  ; Yes        ; |top|ram_codec_fsm:inst3|data_reg[10] ;
; 5:1                ; 31 bits   ; 93 LEs        ; 31 LEs               ; 62 LEs                 ; Yes        ; |top|ram_codec_fsm:inst3|ram_ptr[3]   ;
; 4:1                ; 30 bits   ; 60 LEs        ; 30 LEs               ; 30 LEs                 ; Yes        ; |top|i2c_codec:inst2|tick_count[5]    ;
; 6:1                ; 3 bits    ; 12 LEs        ; 6 LEs                ; 6 LEs                  ; Yes        ; |top|i2c_codec:inst2|sreg[5]          ;
; 8:1                ; 4 bits    ; 20 LEs        ; 8 LEs                ; 12 LEs                 ; Yes        ; |top|i2c_codec:inst2|sreg[3]          ;
; 7:1                ; 30 bits   ; 120 LEs       ; 30 LEs               ; 90 LEs                 ; Yes        ; |top|i2c_codec:inst2|bit_count[25]    ;
; 4:1                ; 2 bits    ; 4 LEs         ; 2 LEs                ; 2 LEs                  ; Yes        ; |top|i2c_codec:inst2|tick_count[0]    ;
; 7:1                ; 2 bits    ; 8 LEs         ; 2 LEs                ; 6 LEs                  ; Yes        ; |top|i2c_codec:inst2|bit_count[31]    ;
+--------------------+-----------+---------------+----------------------+------------------------+------------+---------------------------------------+


+------------------------------------------------------------------+
; Parameter Settings for User Entity Instance: ram_codec_fsm:inst3 ;
+----------------+--------+----------------------------------------+
; Parameter Name ; Value  ; Type                                   ;
+----------------+--------+----------------------------------------+
; ram_size       ; 262144 ; Signed Integer                         ;
+----------------+--------+----------------------------------------+
Note: In order to hide this table in the UI and the text report file, please set the "Show Parameter Settings in Synthesis Report" option in "Analysis and Synthesis Settings -> More Settings" to "Off".


+----------------------------------------------------------------+
; Parameter Settings for User Entity Instance: stream_codec:inst ;
+----------------+-------+---------------------------------------+
; Parameter Name ; Value ; Type                                  ;
+----------------+-------+---------------------------------------+
; n              ; 16    ; Signed Integer                        ;
+----------------+-------+---------------------------------------+
Note: In order to hide this table in the UI and the text report file, please set the "Show Parameter Settings in Synthesis Report" option in "Analysis and Synthesis Settings -> More Settings" to "Off".


+--------------------------------------------------------------+
; Parameter Settings for User Entity Instance: i2c_codec:inst2 ;
+----------------+---------+-----------------------------------+
; Parameter Name ; Value   ; Type                              ;
+----------------+---------+-----------------------------------+
; ic_addr        ; 0011010 ; Unsigned Binary                   ;
+----------------+---------+-----------------------------------+
Note: In order to hide this table in the UI and the text report file, please set the "Show Parameter Settings in Synthesis Report" option in "Analysis and Synthesis Settings -> More Settings" to "Off".


+--------------------------------------------------------------+
; Parameter Settings for User Entity Instance: clock_div:inst1 ;
+----------------+-------+-------------------------------------+
; Parameter Name ; Value ; Type                                ;
+----------------+-------+-------------------------------------+
; n              ; 1000  ; Signed Integer                      ;
+----------------+-------+-------------------------------------+
Note: In order to hide this table in the UI and the text report file, please set the "Show Parameter Settings in Synthesis Report" option in "Analysis and Synthesis Settings -> More Settings" to "Off".


+-------------------------------+
; Elapsed Time Per Partition    ;
+----------------+--------------+
; Partition Name ; Elapsed Time ;
+----------------+--------------+
; Top            ; 00:00:00     ;
+----------------+--------------+


+-------------------------------+
; Analysis & Synthesis Messages ;
+-------------------------------+
Info: *******************************************************************
Info: Running Quartus II 64-Bit Analysis & Synthesis
    Info: Version 13.0.1 Build 232 06/12/2013 Service Pack 1 SJ Full Version
    Info: Processing started: Wed Oct 23 14:56:44 2024
Info: Command: quartus_map --read_settings_files=on --write_settings_files=off Lab9 -c top
Info (11104): Parallel Compilation has detected 20 hyper-threaded processors. However, the extra hyper-threaded processors will not be used by default. Parallel Compilation will use 12 of the 12 physical processors detected instead.
Info (12021): Found 2 design units, including 1 entities, in source file clock_div.vhd
    Info (12022): Found design unit 1: clock_div-behavioral
    Info (12023): Found entity 1: clock_div
Info (12021): Found 2 design units, including 1 entities, in source file stream_codec.vhd
    Info (12022): Found design unit 1: stream_codec-behavioral
    Info (12023): Found entity 1: stream_codec
Info (12021): Found 2 design units, including 1 entities, in source file ram_codec_fsm.vhd
    Info (12022): Found design unit 1: ram_codec_fsm-behavioral
    Info (12023): Found entity 1: ram_codec_fsm
Info (12021): Found 2 design units, including 1 entities, in source file i2c_codec.vhd
    Info (12022): Found design unit 1: i2c_codec-behavioral
    Info (12023): Found entity 1: i2c_codec
Info (12021): Found 1 design units, including 1 entities, in source file top.bdf
    Info (12023): Found entity 1: top
Info (12127): Elaborating entity "top" for the top level hierarchy
Info (12128): Elaborating entity "ram_codec_fsm" for hierarchy "ram_codec_fsm:inst3"
Info (12128): Elaborating entity "stream_codec" for hierarchy "stream_codec:inst"
Info (12128): Elaborating entity "i2c_codec" for hierarchy "i2c_codec:inst2"
Warning (10541): VHDL Signal Declaration warning at i2c_codec.vhd(33): used implicit default value for signal "ack_bit2" because signal was never assigned a value or an explicit default value. Use of implicit default value may introduce unintended design optimizations.
Info (12128): Elaborating entity "clock_div" for hierarchy "clock_div:inst1"
Info (13000): Registers with preset signals will power-up high
Info (13003): DEV_CLRn pin will set, and not reset, register with preset signal due to NOT Gate Push-Back
Warning (13024): Output pins are stuck at VCC or GND
    Warning (13410): Pin "WE" is stuck at VCC
Warning (18029): Output pin "SDA_TEST" driven by bidirectional pin "I2C_SDA" cannot be tri-stated
Critical Warning (18061): Ignored Power-Up Level option on the following registers
    Critical Warning (18010): Register i2c_codec:inst2|i2c_sda~en will power up to High
Info (16010): Generating hard_block partition "hard_block:auto_generated_inst"
    Info (16011): Adding 0 node(s), including 0 DDIO, 0 PLL, 0 transceiver and 0 LCELL
Warning (21074): Design contains 1 input pin(s) that do not drive logic
    Warning (15610): No output dependent on input pin "ADCDAT"
Info (21057): Implemented 551 device resources after synthesis - the final resource count might be different
    Info (21058): Implemented 5 input pins
    Info (21059): Implemented 35 output pins
    Info (21060): Implemented 17 bidirectional pins
    Info (21061): Implemented 494 logic cells
Info: Quartus II 64-Bit Analysis & Synthesis was successful. 0 errors, 8 warnings
    Info: Peak virtual memory: 4670 megabytes
    Info: Processing ended: Wed Oct 23 14:56:46 2024
    Info: Elapsed time: 00:00:02
    Info: Total CPU time (on all processors): 00:00:00


