Analysis & Synthesis report for top
Wed Nov 20 14:26:28 2024
Quartus II 64-Bit Version 13.0.1 Build 232 06/12/2013 Service Pack 1 SJ Web Edition


---------------------
; Table of Contents ;
---------------------
  1. Legal Notice
  2. Analysis & Synthesis Summary
  3. Analysis & Synthesis Settings
  4. Parallel Compilation
  5. Analysis & Synthesis Source Files Read
  6. Analysis & Synthesis Resource Usage Summary
  7. Analysis & Synthesis Resource Utilization by Entity
  8. Registers Removed During Synthesis
  9. General Register Statistics
 10. Parameter Settings for User Entity Instance: clock_div:inst
 11. Parameter Settings for User Entity Instance: vga_sprite_rom:inst3
 12. Elapsed Time Per Partition
 13. Analysis & Synthesis Messages



----------------
; Legal Notice ;
----------------
Copyright (C) 1991-2013 Altera Corporation
Your use of Altera Corporation's design tools, logic functions 
and other software and tools, and its AMPP partner logic 
functions, and any output files from any of the foregoing 
(including device programming or simulation files), and any 
associated documentation or information are expressly subject 
to the terms and conditions of the Altera Program License 
Subscription Agreement, Altera MegaCore Function License 
Agreement, or other applicable license agreement, including, 
without limitation, that your use is for the sole purpose of 
programming logic devices manufactured by Altera and sold by 
Altera or its authorized distributors.  Please refer to the 
applicable agreement for further details.



+--------------------------------------------------------------------------------------+
; Analysis & Synthesis Summary                                                         ;
+------------------------------------+-------------------------------------------------+
; Analysis & Synthesis Status        ; Successful - Wed Nov 20 14:26:28 2024           ;
; Quartus II 64-Bit Version          ; 13.0.1 Build 232 06/12/2013 SP 1 SJ Web Edition ;
; Revision Name                      ; top                                             ;
; Top-level Entity Name              ; top                                             ;
; Family                             ; Cyclone II                                      ;
; Total logic elements               ; 3,873                                           ;
;     Total combinational functions  ; 3,873                                           ;
;     Dedicated logic registers      ; 22                                              ;
; Total registers                    ; 22                                              ;
; Total pins                         ; 24                                              ;
; Total virtual pins                 ; 0                                               ;
; Total memory bits                  ; 0                                               ;
; Embedded Multiplier 9-bit elements ; 0                                               ;
; Total PLLs                         ; 0                                               ;
+------------------------------------+-------------------------------------------------+


+----------------------------------------------------------------------------------------------------------------------+
; Analysis & Synthesis Settings                                                                                        ;
+----------------------------------------------------------------------------+--------------------+--------------------+
; Option                                                                     ; Setting            ; Default Value      ;
+----------------------------------------------------------------------------+--------------------+--------------------+
; Device                                                                     ; EP2C20F484C7       ;                    ;
; Top-level entity name                                                      ; top                ; top                ;
; Family name                                                                ; Cyclone II         ; Cyclone IV GX      ;
; Use smart compilation                                                      ; Off                ; Off                ;
; Enable parallel Assembler and TimeQuest Timing Analyzer during compilation ; On                 ; On                 ;
; Enable compact report table                                                ; Off                ; Off                ;
; Restructure Multiplexers                                                   ; Auto               ; Auto               ;
; Create Debugging Nodes for IP Cores                                        ; Off                ; Off                ;
; Preserve fewer node names                                                  ; On                 ; On                 ;
; Disable OpenCore Plus hardware evaluation                                  ; Off                ; Off                ;
; Verilog Version                                                            ; Verilog_2001       ; Verilog_2001       ;
; VHDL Version                                                               ; VHDL_1993          ; VHDL_1993          ;
; State Machine Processing                                                   ; Auto               ; Auto               ;
; Safe State Machine                                                         ; Off                ; Off                ;
; Extract Verilog State Machines                                             ; On                 ; On                 ;
; Extract VHDL State Machines                                                ; On                 ; On                 ;
; Ignore Verilog initial constructs                                          ; Off                ; Off                ;
; Iteration limit for constant Verilog loops                                 ; 5000               ; 5000               ;
; Iteration limit for non-constant Verilog loops                             ; 250                ; 250                ;
; Add Pass-Through Logic to Inferred RAMs                                    ; On                 ; On                 ;
; Infer RAMs from Raw Logic                                                  ; On                 ; On                 ;
; Parallel Synthesis                                                         ; On                 ; On                 ;
; DSP Block Balancing                                                        ; Auto               ; Auto               ;
; NOT Gate Push-Back                                                         ; On                 ; On                 ;
; Power-Up Don't Care                                                        ; On                 ; On                 ;
; Remove Redundant Logic Cells                                               ; Off                ; Off                ;
; Remove Duplicate Registers                                                 ; On                 ; On                 ;
; Ignore CARRY Buffers                                                       ; Off                ; Off                ;
; Ignore CASCADE Buffers                                                     ; Off                ; Off                ;
; Ignore GLOBAL Buffers                                                      ; Off                ; Off                ;
; Ignore ROW GLOBAL Buffers                                                  ; Off                ; Off                ;
; Ignore LCELL Buffers                                                       ; Off                ; Off                ;
; Ignore SOFT Buffers                                                        ; On                 ; On                 ;
; Limit AHDL Integers to 32 Bits                                             ; Off                ; Off                ;
; Optimization Technique                                                     ; Balanced           ; Balanced           ;
; Carry Chain Length                                                         ; 70                 ; 70                 ;
; Auto Carry Chains                                                          ; On                 ; On                 ;
; Auto Open-Drain Pins                                                       ; On                 ; On                 ;
; Perform WYSIWYG Primitive Resynthesis                                      ; Off                ; Off                ;
; Auto ROM Replacement                                                       ; On                 ; On                 ;
; Auto RAM Replacement                                                       ; On                 ; On                 ;
; Auto Shift Register Replacement                                            ; Auto               ; Auto               ;
; Allow Shift Register Merging across Hierarchies                            ; Auto               ; Auto               ;
; Auto Clock Enable Replacement                                              ; On                 ; On                 ;
; Strict RAM Replacement                                                     ; Off                ; Off                ;
; Allow Synchronous Control Signals                                          ; On                 ; On                 ;
; Force Use of Synchronous Clear Signals                                     ; Off                ; Off                ;
; Auto RAM to Logic Cell Conversion                                          ; Off                ; Off                ;
; Auto Resource Sharing                                                      ; Off                ; Off                ;
; Allow Any RAM Size For Recognition                                         ; Off                ; Off                ;
; Allow Any ROM Size For Recognition                                         ; Off                ; Off                ;
; Allow Any Shift Register Size For Recognition                              ; Off                ; Off                ;
; Use LogicLock Constraints during Resource Balancing                        ; On                 ; On                 ;
; Ignore translate_off and synthesis_off directives                          ; Off                ; Off                ;
; Timing-Driven Synthesis                                                    ; Off                ; Off                ;
; Report Parameter Settings                                                  ; On                 ; On                 ;
; Report Source Assignments                                                  ; On                 ; On                 ;
; Report Connectivity Checks                                                 ; On                 ; On                 ;
; Ignore Maximum Fan-Out Assignments                                         ; Off                ; Off                ;
; Synchronization Register Chain Length                                      ; 2                  ; 2                  ;
; PowerPlay Power Optimization                                               ; Normal compilation ; Normal compilation ;
; HDL message level                                                          ; Level2             ; Level2             ;
; Suppress Register Optimization Related Messages                            ; Off                ; Off                ;
; Number of Removed Registers Reported in Synthesis Report                   ; 5000               ; 5000               ;
; Number of Swept Nodes Reported in Synthesis Report                         ; 5000               ; 5000               ;
; Number of Inverted Registers Reported in Synthesis Report                  ; 100                ; 100                ;
; Clock MUX Protection                                                       ; On                 ; On                 ;
; Auto Gated Clock Conversion                                                ; Off                ; Off                ;
; Block Design Naming                                                        ; Auto               ; Auto               ;
; SDC constraint protection                                                  ; Off                ; Off                ;
; Synthesis Effort                                                           ; Auto               ; Auto               ;
; Shift Register Replacement - Allow Asynchronous Clear Signal               ; On                 ; On                 ;
; Pre-Mapping Resynthesis Optimization                                       ; Off                ; Off                ;
; Analysis & Synthesis Message Level                                         ; Medium             ; Medium             ;
; Disable Register Merging Across Hierarchies                                ; Auto               ; Auto               ;
; Resource Aware Inference For Block RAM                                     ; On                 ; On                 ;
; Synthesis Seed                                                             ; 1                  ; 1                  ;
+----------------------------------------------------------------------------+--------------------+--------------------+


Parallel compilation was disabled, but you have multiple processors available. Enable parallel compilation to reduce compilation time.
+-------------------------------------+
; Parallel Compilation                ;
+----------------------------+--------+
; Processors                 ; Number ;
+----------------------------+--------+
; Number detected on machine ; 16     ;
; Maximum allowed            ; 1      ;
+----------------------------+--------+


+----------------------------------------------------------------------------------------------------------------------------------------------------+
; Analysis & Synthesis Source Files Read                                                                                                             ;
+----------------------------------+-----------------+------------------------------------+------------------------------------------------+---------+
; File Name with User-Entered Path ; Used in Netlist ; File Type                          ; File Name with Absolute Path                   ; Library ;
+----------------------------------+-----------------+------------------------------------+------------------------------------------------+---------+
; clock_div.vhd                    ; yes             ; User VHDL File                     ; C:/ECET349_Labs/Lab11/Lab11/clock_div.vhd      ;         ;
; top.bdf                          ; yes             ; User Block Diagram/Schematic File  ; C:/ECET349_Labs/Lab11/Lab11/top.bdf            ;         ;
; vga_640x480.vhd                  ; yes             ; User VHDL File                     ; C:/ECET349_Labs/Lab11/Lab11/vga_640x480.vhd    ;         ;
; vga_sprite_rom.vhd               ; yes             ; User VHDL File                     ; C:/ECET349_Labs/Lab11/Lab11/vga_sprite_rom.vhd ;         ;
+----------------------------------+-----------------+------------------------------------+------------------------------------------------+---------+


+---------------------------------------------------------------------------+
; Analysis & Synthesis Resource Usage Summary                               ;
+---------------------------------------------+-----------------------------+
; Resource                                    ; Usage                       ;
+---------------------------------------------+-----------------------------+
; Estimated Total logic elements              ; 3,873                       ;
;                                             ;                             ;
; Total combinational functions               ; 3873                        ;
; Logic element usage by number of LUT inputs ;                             ;
;     -- 4 input functions                    ; 3296                        ;
;     -- 3 input functions                    ; 404                         ;
;     -- <=2 input functions                  ; 173                         ;
;                                             ;                             ;
; Logic elements by mode                      ;                             ;
;     -- normal mode                          ; 3808                        ;
;     -- arithmetic mode                      ; 65                          ;
;                                             ;                             ;
; Total registers                             ; 22                          ;
;     -- Dedicated logic registers            ; 22                          ;
;     -- I/O registers                        ; 0                           ;
;                                             ;                             ;
; I/O pins                                    ; 24                          ;
; Embedded Multiplier 9-bit elements          ; 0                           ;
; Maximum fan-out node                        ; vga_sprite_rom:inst3|Add3~2 ;
; Maximum fan-out                             ; 1298                        ;
; Total fan-out                               ; 14819                       ;
; Average fan-out                             ; 3.78                        ;
+---------------------------------------------+-----------------------------+


+-----------------------------------------------------------------------------------------------------------------------------------------------------------------------------------+
; Analysis & Synthesis Resource Utilization by Entity                                                                                                                               ;
+----------------------------+-------------------+--------------+-------------+--------------+---------+-----------+------+--------------+---------------------------+--------------+
; Compilation Hierarchy Node ; LC Combinationals ; LC Registers ; Memory Bits ; DSP Elements ; DSP 9x9 ; DSP 18x18 ; Pins ; Virtual Pins ; Full Hierarchy Name       ; Library Name ;
+----------------------------+-------------------+--------------+-------------+--------------+---------+-----------+------+--------------+---------------------------+--------------+
; |top                       ; 3873 (0)          ; 22 (0)       ; 0           ; 0            ; 0       ; 0         ; 24   ; 0            ; |top                      ; work         ;
;    |clock_div:inst|        ; 1 (1)             ; 1 (1)        ; 0           ; 0            ; 0       ; 0         ; 0    ; 0            ; |top|clock_div:inst       ; work         ;
;    |vga_640x480:inst1|     ; 40 (40)           ; 21 (21)      ; 0           ; 0            ; 0       ; 0         ; 0    ; 0            ; |top|vga_640x480:inst1    ; work         ;
;    |vga_sprite_rom:inst3|  ; 3832 (3832)       ; 0 (0)        ; 0           ; 0            ; 0       ; 0         ; 0    ; 0            ; |top|vga_sprite_rom:inst3 ; work         ;
+----------------------------+-------------------+--------------+-------------+--------------+---------+-----------+------+--------------+---------------------------+--------------+
Note: For table entries with two numbers listed, the numbers in parentheses indicate the number of resources of the given type used by the specific entity alone. The numbers listed outside of parentheses indicate the total resources of the given type used by the specific entity and all of its sub-entities in the hierarchy.


+--------------------------------------------------------------------------------+
; Registers Removed During Synthesis                                             ;
+---------------------------------------+----------------------------------------+
; Register name                         ; Reason for Removal                     ;
+---------------------------------------+----------------------------------------+
; clock_div:inst|count                  ; Stuck at GND due to stuck port data_in ;
; Total Number of Removed Registers = 1 ;                                        ;
+---------------------------------------+----------------------------------------+


+------------------------------------------------------+
; General Register Statistics                          ;
+----------------------------------------------+-------+
; Statistic                                    ; Value ;
+----------------------------------------------+-------+
; Total registers                              ; 22    ;
; Number of registers using Synchronous Clear  ; 0     ;
; Number of registers using Synchronous Load   ; 0     ;
; Number of registers using Asynchronous Clear ; 21    ;
; Number of registers using Asynchronous Load  ; 0     ;
; Number of registers using Clock Enable       ; 11    ;
; Number of registers using Preset             ; 0     ;
+----------------------------------------------+-------+


+-------------------------------------------------------------+
; Parameter Settings for User Entity Instance: clock_div:inst ;
+----------------+-------+------------------------------------+
; Parameter Name ; Value ; Type                               ;
+----------------+-------+------------------------------------+
; n              ; 1     ; Signed Integer                     ;
+----------------+-------+------------------------------------+
Note: In order to hide this table in the UI and the text report file, please set the "Show Parameter Settings in Synthesis Report" option in "Analysis and Synthesis Settings -> More Settings" to "Off".


+-------------------------------------------------------------------+
; Parameter Settings for User Entity Instance: vga_sprite_rom:inst3 ;
+----------------+-------+------------------------------------------+
; Parameter Name ; Value ; Type                                     ;
+----------------+-------+------------------------------------------+
; w              ; 120   ; Signed Integer                           ;
; h              ; 80    ; Signed Integer                           ;
+----------------+-------+------------------------------------------+
Note: In order to hide this table in the UI and the text report file, please set the "Show Parameter Settings in Synthesis Report" option in "Analysis and Synthesis Settings -> More Settings" to "Off".


+-------------------------------+
; Elapsed Time Per Partition    ;
+----------------+--------------+
; Partition Name ; Elapsed Time ;
+----------------+--------------+
; Top            ; 00:01:27     ;
+----------------+--------------+


+-------------------------------+
; Analysis & Synthesis Messages ;
+-------------------------------+
Info: *******************************************************************
Info: Running Quartus II 64-Bit Analysis & Synthesis
    Info: Version 13.0.1 Build 232 06/12/2013 Service Pack 1 SJ Web Edition
    Info: Processing started: Wed Nov 20 14:24:56 2024
Info: Command: quartus_map --read_settings_files=on --write_settings_files=off Lab11 -c top
Warning (20028): Parallel compilation is not licensed and has been disabled
Info (12021): Found 2 design units, including 1 entities, in source file clock_div.vhd
    Info (12022): Found design unit 1: clock_div-behavioral
    Info (12023): Found entity 1: clock_div
Info (12021): Found 1 design units, including 1 entities, in source file top.bdf
    Info (12023): Found entity 1: top
Info (12021): Found 2 design units, including 1 entities, in source file vga_640x480.vhd
    Info (12022): Found design unit 1: vga_640x480-behavioral
    Info (12023): Found entity 1: vga_640x480
Info (12021): Found 2 design units, including 1 entities, in source file vga_stripes.vhd
    Info (12022): Found design unit 1: vga_stripes-behavioral
    Info (12023): Found entity 1: vga_stripes
Info (12021): Found 2 design units, including 1 entities, in source file vga_sprite_rom.vhd
    Info (12022): Found design unit 1: vga_sprite_rom-behavioral
    Info (12023): Found entity 1: vga_sprite_rom
Info (12127): Elaborating entity "top" for the top level hierarchy
Info (12128): Elaborating entity "vga_640x480" for hierarchy "vga_640x480:inst1"
Info (12128): Elaborating entity "clock_div" for hierarchy "clock_div:inst"
Info (12128): Elaborating entity "vga_sprite_rom" for hierarchy "vga_sprite_rom:inst3"
Warning (10541): VHDL Signal Declaration warning at vga_sprite_rom.vhd(30): used implicit default value for signal "rom" because signal was never assigned a value or an explicit default value. Use of implicit default value may introduce unintended design optimizations.
Info (276014): Found 1 instances of uninferred RAM logic
    Info (276007): RAM logic "vga_sprite_rom:inst3|rom" is uninferred due to asynchronous read logic
Critical Warning (127005): Memory depth (16384) in the design file differs from memory depth (9600) in the Memory Initialization File "C:/ECET349_Labs/Lab11/Lab11/loons.mif" -- setting initial value for remaining addresses to 0
Warning (13024): Output pins are stuck at VCC or GND
    Warning (13410): Pin "BLUE[1]" is stuck at GND
    Warning (13410): Pin "BLUE[0]" is stuck at GND
    Warning (13410): Pin "GREEN[0]" is stuck at GND
    Warning (13410): Pin "RED[0]" is stuck at GND
Info (16010): Generating hard_block partition "hard_block:auto_generated_inst"
    Info (16011): Adding 0 node(s), including 0 DDIO, 0 PLL, 0 transceiver and 0 LCELL
Info (21057): Implemented 3897 device resources after synthesis - the final resource count might be different
    Info (21058): Implemented 10 input pins
    Info (21059): Implemented 14 output pins
    Info (21061): Implemented 3873 logic cells
Info: Quartus II 64-Bit Analysis & Synthesis was successful. 0 errors, 8 warnings
    Info: Peak virtual memory: 4657 megabytes
    Info: Processing ended: Wed Nov 20 14:26:28 2024
    Info: Elapsed time: 00:01:32
    Info: Total CPU time (on all processors): 00:01:31


