Analysis & Synthesis report for binbcddes
Fri Oct 14 02:20:34 2022
Quartus II 64-Bit Version 13.0.1 Build 232 06/12/2013 Service Pack 1 SJ Full Version


---------------------
; Table of Contents ;
---------------------
  1. Legal Notice
  2. Analysis & Synthesis Summary
  3. Analysis & Synthesis Settings
  4. Parallel Compilation
  5. Analysis & Synthesis Source Files Read
  6. Analysis & Synthesis Resource Usage Summary
  7. Analysis & Synthesis Resource Utilization by Entity
  8. Analysis & Synthesis IP Cores Summary
  9. General Register Statistics
 10. Parameter Settings for User Entity Instance: lpm_divide0:inst|lpm_divide:LPM_DIVIDE_component
 11. Parameter Settings for User Entity Instance: lpm_constant0:inst4|lpm_constant:LPM_CONSTANT_component
 12. Parameter Settings for User Entity Instance: lpm_divide0:inst3|lpm_divide:LPM_DIVIDE_component
 13. Parameter Settings for User Entity Instance: lpm_constant1:inst7|lpm_constant:LPM_CONSTANT_component
 14. Parameter Settings for User Entity Instance: lpm_divide0:inst2|lpm_divide:LPM_DIVIDE_component
 15. Elapsed Time Per Partition
 16. Analysis & Synthesis Messages



----------------
; Legal Notice ;
----------------
Copyright (C) 1991-2013 Altera Corporation
Your use of Altera Corporation's design tools, logic functions 
and other software and tools, and its AMPP partner logic 
functions, and any output files from any of the foregoing 
(including device programming or simulation files), and any 
associated documentation or information are expressly subject 
to the terms and conditions of the Altera Program License 
Subscription Agreement, Altera MegaCore Function License 
Agreement, or other applicable license agreement, including, 
without limitation, that your use is for the sole purpose of 
programming logic devices manufactured by Altera and sold by 
Altera or its authorized distributors.  Please refer to the 
applicable agreement for further details.



+---------------------------------------------------------------------------------------+
; Analysis & Synthesis Summary                                                          ;
+------------------------------------+--------------------------------------------------+
; Analysis & Synthesis Status        ; Successful - Fri Oct 14 02:20:32 2022            ;
; Quartus II 64-Bit Version          ; 13.0.1 Build 232 06/12/2013 SP 1 SJ Full Version ;
; Revision Name                      ; binbcddes                                        ;
; Top-level Entity Name              ; binbcddes                                        ;
; Family                             ; Cyclone II                                       ;
; Total logic elements               ; 92                                               ;
;     Total combinational functions  ; 92                                               ;
;     Dedicated logic registers      ; 0                                                ;
; Total registers                    ; 0                                                ;
; Total pins                         ; 20                                               ;
; Total virtual pins                 ; 0                                                ;
; Total memory bits                  ; 0                                                ;
; Embedded Multiplier 9-bit elements ; 0                                                ;
; Total PLLs                         ; 0                                                ;
+------------------------------------+--------------------------------------------------+


+----------------------------------------------------------------------------------------------------------------------+
; Analysis & Synthesis Settings                                                                                        ;
+----------------------------------------------------------------------------+--------------------+--------------------+
; Option                                                                     ; Setting            ; Default Value      ;
+----------------------------------------------------------------------------+--------------------+--------------------+
; Device                                                                     ; EP2C20F484C7       ;                    ;
; Top-level entity name                                                      ; binbcddes          ; binbcddes          ;
; Family name                                                                ; Cyclone II         ; Cyclone IV GX      ;
; Use smart compilation                                                      ; Off                ; Off                ;
; Enable parallel Assembler and TimeQuest Timing Analyzer during compilation ; On                 ; On                 ;
; Enable compact report table                                                ; Off                ; Off                ;
; Restructure Multiplexers                                                   ; Auto               ; Auto               ;
; Create Debugging Nodes for IP Cores                                        ; Off                ; Off                ;
; Preserve fewer node names                                                  ; On                 ; On                 ;
; Disable OpenCore Plus hardware evaluation                                  ; Off                ; Off                ;
; Verilog Version                                                            ; Verilog_2001       ; Verilog_2001       ;
; VHDL Version                                                               ; VHDL_1993          ; VHDL_1993          ;
; State Machine Processing                                                   ; Auto               ; Auto               ;
; Safe State Machine                                                         ; Off                ; Off                ;
; Extract Verilog State Machines                                             ; On                 ; On                 ;
; Extract VHDL State Machines                                                ; On                 ; On                 ;
; Ignore Verilog initial constructs                                          ; Off                ; Off                ;
; Iteration limit for constant Verilog loops                                 ; 5000               ; 5000               ;
; Iteration limit for non-constant Verilog loops                             ; 250                ; 250                ;
; Add Pass-Through Logic to Inferred RAMs                                    ; On                 ; On                 ;
; Infer RAMs from Raw Logic                                                  ; On                 ; On                 ;
; Parallel Synthesis                                                         ; On                 ; On                 ;
; DSP Block Balancing                                                        ; Auto               ; Auto               ;
; NOT Gate Push-Back                                                         ; On                 ; On                 ;
; Power-Up Don't Care                                                        ; On                 ; On                 ;
; Remove Redundant Logic Cells                                               ; Off                ; Off                ;
; Remove Duplicate Registers                                                 ; On                 ; On                 ;
; Ignore CARRY Buffers                                                       ; Off                ; Off                ;
; Ignore CASCADE Buffers                                                     ; Off                ; Off                ;
; Ignore GLOBAL Buffers                                                      ; Off                ; Off                ;
; Ignore ROW GLOBAL Buffers                                                  ; Off                ; Off                ;
; Ignore LCELL Buffers                                                       ; Off                ; Off                ;
; Ignore SOFT Buffers                                                        ; On                 ; On                 ;
; Limit AHDL Integers to 32 Bits                                             ; Off                ; Off                ;
; Optimization Technique                                                     ; Balanced           ; Balanced           ;
; Carry Chain Length                                                         ; 70                 ; 70                 ;
; Auto Carry Chains                                                          ; On                 ; On                 ;
; Auto Open-Drain Pins                                                       ; On                 ; On                 ;
; Perform WYSIWYG Primitive Resynthesis                                      ; Off                ; Off                ;
; Auto ROM Replacement                                                       ; On                 ; On                 ;
; Auto RAM Replacement                                                       ; On                 ; On                 ;
; Auto Shift Register Replacement                                            ; Auto               ; Auto               ;
; Allow Shift Register Merging across Hierarchies                            ; Auto               ; Auto               ;
; Auto Clock Enable Replacement                                              ; On                 ; On                 ;
; Strict RAM Replacement                                                     ; Off                ; Off                ;
; Allow Synchronous Control Signals                                          ; On                 ; On                 ;
; Force Use of Synchronous Clear Signals                                     ; Off                ; Off                ;
; Auto RAM to Logic Cell Conversion                                          ; Off                ; Off                ;
; Auto Resource Sharing                                                      ; Off                ; Off                ;
; Allow Any RAM Size For Recognition                                         ; Off                ; Off                ;
; Allow Any ROM Size For Recognition                                         ; Off                ; Off                ;
; Allow Any Shift Register Size For Recognition                              ; Off                ; Off                ;
; Use LogicLock Constraints during Resource Balancing                        ; On                 ; On                 ;
; Ignore translate_off and synthesis_off directives                          ; Off                ; Off                ;
; Timing-Driven Synthesis                                                    ; Off                ; Off                ;
; Report Parameter Settings                                                  ; On                 ; On                 ;
; Report Source Assignments                                                  ; On                 ; On                 ;
; Report Connectivity Checks                                                 ; On                 ; On                 ;
; Ignore Maximum Fan-Out Assignments                                         ; Off                ; Off                ;
; Synchronization Register Chain Length                                      ; 2                  ; 2                  ;
; PowerPlay Power Optimization                                               ; Normal compilation ; Normal compilation ;
; HDL message level                                                          ; Level2             ; Level2             ;
; Suppress Register Optimization Related Messages                            ; Off                ; Off                ;
; Number of Removed Registers Reported in Synthesis Report                   ; 5000               ; 5000               ;
; Number of Swept Nodes Reported in Synthesis Report                         ; 5000               ; 5000               ;
; Number of Inverted Registers Reported in Synthesis Report                  ; 100                ; 100                ;
; Clock MUX Protection                                                       ; On                 ; On                 ;
; Auto Gated Clock Conversion                                                ; Off                ; Off                ;
; Block Design Naming                                                        ; Auto               ; Auto               ;
; SDC constraint protection                                                  ; Off                ; Off                ;
; Synthesis Effort                                                           ; Auto               ; Auto               ;
; Shift Register Replacement - Allow Asynchronous Clear Signal               ; On                 ; On                 ;
; Pre-Mapping Resynthesis Optimization                                       ; Off                ; Off                ;
; Analysis & Synthesis Message Level                                         ; Medium             ; Medium             ;
; Disable Register Merging Across Hierarchies                                ; Auto               ; Auto               ;
; Resource Aware Inference For Block RAM                                     ; On                 ; On                 ;
; Synthesis Seed                                                             ; 1                  ; 1                  ;
+----------------------------------------------------------------------------+--------------------+--------------------+


+------------------------------------------+
; Parallel Compilation                     ;
+----------------------------+-------------+
; Processors                 ; Number      ;
+----------------------------+-------------+
; Number detected on machine ; 8           ;
; Maximum allowed            ; 4           ;
;                            ;             ;
; Average used               ; 1.00        ;
; Maximum used               ; 1           ;
;                            ;             ;
; Usage by Processor         ; % Time Used ;
;     Processor 1            ; 100.0%      ;
;     Processors 2-8         ;   0.0%      ;
+----------------------------+-------------+


+---------------------------------------------------------------------------------------------------------------------------------------------------------------------------+
; Analysis & Synthesis Source Files Read                                                                                                                                    ;
+----------------------------------+-----------------+------------------------------------+-----------------------------------------------------------------------+---------+
; File Name with User-Entered Path ; Used in Netlist ; File Type                          ; File Name with Absolute Path                                          ; Library ;
+----------------------------------+-----------------+------------------------------------+-----------------------------------------------------------------------+---------+
; binbcddes.bdf                    ; yes             ; User Block Diagram/Schematic File  ; U:/ECET229Fall2022/Labs/Misc/Min/binbcd2/binbcddes.bdf                ;         ;
; lpm_divide0.tdf                  ; yes             ; Auto-Found Wizard-Generated File   ; U:/ECET229Fall2022/Labs/Misc/Min/binbcd2/lpm_divide0.tdf              ;         ;
; lpm_divide.inc                   ; yes             ; Auto-Found AHDL File               ; c:/altera/13.0sp1/quartus/libraries/megafunctions/lpm_divide.inc      ;         ;
; lpm_divide.tdf                   ; yes             ; Megafunction                       ; c:/altera/13.0sp1/quartus/libraries/megafunctions/lpm_divide.tdf      ;         ;
; abs_divider.inc                  ; yes             ; Megafunction                       ; c:/altera/13.0sp1/quartus/libraries/megafunctions/abs_divider.inc     ;         ;
; sign_div_unsign.inc              ; yes             ; Megafunction                       ; c:/altera/13.0sp1/quartus/libraries/megafunctions/sign_div_unsign.inc ;         ;
; aglobal130.inc                   ; yes             ; Megafunction                       ; c:/altera/13.0sp1/quartus/libraries/megafunctions/aglobal130.inc      ;         ;
; db/lpm_divide_krp.tdf            ; yes             ; Auto-Generated Megafunction        ; U:/ECET229Fall2022/Labs/Misc/Min/binbcd2/db/lpm_divide_krp.tdf        ;         ;
; db/sign_div_unsign_fkh.tdf       ; yes             ; Auto-Generated Megafunction        ; U:/ECET229Fall2022/Labs/Misc/Min/binbcd2/db/sign_div_unsign_fkh.tdf   ;         ;
; db/alt_u_div_00f.tdf             ; yes             ; Auto-Generated Megafunction        ; U:/ECET229Fall2022/Labs/Misc/Min/binbcd2/db/alt_u_div_00f.tdf         ;         ;
; db/add_sub_lkc.tdf               ; yes             ; Auto-Generated Megafunction        ; U:/ECET229Fall2022/Labs/Misc/Min/binbcd2/db/add_sub_lkc.tdf           ;         ;
; db/add_sub_mkc.tdf               ; yes             ; Auto-Generated Megafunction        ; U:/ECET229Fall2022/Labs/Misc/Min/binbcd2/db/add_sub_mkc.tdf           ;         ;
; lpm_constant0.tdf                ; yes             ; Auto-Found Wizard-Generated File   ; U:/ECET229Fall2022/Labs/Misc/Min/binbcd2/lpm_constant0.tdf            ;         ;
; lpm_constant.inc                 ; yes             ; Auto-Found AHDL File               ; c:/altera/13.0sp1/quartus/libraries/megafunctions/lpm_constant.inc    ;         ;
; lpm_constant.tdf                 ; yes             ; Megafunction                       ; c:/altera/13.0sp1/quartus/libraries/megafunctions/lpm_constant.tdf    ;         ;
; lpm_constant1.tdf                ; yes             ; Auto-Found Wizard-Generated File   ; U:/ECET229Fall2022/Labs/Misc/Min/binbcd2/lpm_constant1.tdf            ;         ;
+----------------------------------+-----------------+------------------------------------+-----------------------------------------------------------------------+---------+


+----------------------------------------------------------------------------------------------------------------------------------------------------------------------------------------+
; Analysis & Synthesis Resource Usage Summary                                                                                                                                            ;
+---------------------------------------------+------------------------------------------------------------------------------------------------------------------------------------------+
; Resource                                    ; Usage                                                                                                                                    ;
+---------------------------------------------+------------------------------------------------------------------------------------------------------------------------------------------+
; Estimated Total logic elements              ; 92                                                                                                                                       ;
;                                             ;                                                                                                                                          ;
; Total combinational functions               ; 92                                                                                                                                       ;
; Logic element usage by number of LUT inputs ;                                                                                                                                          ;
;     -- 4 input functions                    ; 14                                                                                                                                       ;
;     -- 3 input functions                    ; 27                                                                                                                                       ;
;     -- <=2 input functions                  ; 51                                                                                                                                       ;
;                                             ;                                                                                                                                          ;
; Logic elements by mode                      ;                                                                                                                                          ;
;     -- normal mode                          ; 45                                                                                                                                       ;
;     -- arithmetic mode                      ; 47                                                                                                                                       ;
;                                             ;                                                                                                                                          ;
; Total registers                             ; 0                                                                                                                                        ;
;     -- Dedicated logic registers            ; 0                                                                                                                                        ;
;     -- I/O registers                        ; 0                                                                                                                                        ;
;                                             ;                                                                                                                                          ;
; I/O pins                                    ; 20                                                                                                                                       ;
; Embedded Multiplier 9-bit elements          ; 0                                                                                                                                        ;
; Maximum fan-out node                        ; lpm_divide0:inst|lpm_divide:LPM_DIVIDE_component|lpm_divide_krp:auto_generated|sign_div_unsign_fkh:divider|alt_u_div_00f:divider|op_6~12 ;
; Maximum fan-out                             ; 8                                                                                                                                        ;
; Total fan-out                               ; 231                                                                                                                                      ;
; Average fan-out                             ; 2.06                                                                                                                                     ;
+---------------------------------------------+------------------------------------------------------------------------------------------------------------------------------------------+


+---------------------------------------------------------------------------------------------------------------------------------------------------------------------------------------------------------------------------------------------------------------------------------------------------------------------+
; Analysis & Synthesis Resource Utilization by Entity                                                                                                                                                                                                                                                                 ;
+-------------------------------------------+-------------------+--------------+-------------+--------------+---------+-----------+------+--------------+----------------------------------------------------------------------------------------------------------------------------------------------+--------------+
; Compilation Hierarchy Node                ; LC Combinationals ; LC Registers ; Memory Bits ; DSP Elements ; DSP 9x9 ; DSP 18x18 ; Pins ; Virtual Pins ; Full Hierarchy Name                                                                                                                          ; Library Name ;
+-------------------------------------------+-------------------+--------------+-------------+--------------+---------+-----------+------+--------------+----------------------------------------------------------------------------------------------------------------------------------------------+--------------+
; |binbcddes                                ; 92 (0)            ; 0 (0)        ; 0           ; 0            ; 0       ; 0         ; 20   ; 0            ; |binbcddes                                                                                                                                   ; work         ;
;    |lpm_divide0:inst2|                    ; 33 (0)            ; 0 (0)        ; 0           ; 0            ; 0       ; 0         ; 0    ; 0            ; |binbcddes|lpm_divide0:inst2                                                                                                                 ; work         ;
;       |lpm_divide:LPM_DIVIDE_component|   ; 33 (0)            ; 0 (0)        ; 0           ; 0            ; 0       ; 0         ; 0    ; 0            ; |binbcddes|lpm_divide0:inst2|lpm_divide:LPM_DIVIDE_component                                                                                 ; work         ;
;          |lpm_divide_krp:auto_generated|  ; 33 (0)            ; 0 (0)        ; 0           ; 0            ; 0       ; 0         ; 0    ; 0            ; |binbcddes|lpm_divide0:inst2|lpm_divide:LPM_DIVIDE_component|lpm_divide_krp:auto_generated                                                   ; work         ;
;             |sign_div_unsign_fkh:divider| ; 33 (0)            ; 0 (0)        ; 0           ; 0            ; 0       ; 0         ; 0    ; 0            ; |binbcddes|lpm_divide0:inst2|lpm_divide:LPM_DIVIDE_component|lpm_divide_krp:auto_generated|sign_div_unsign_fkh:divider                       ; work         ;
;                |alt_u_div_00f:divider|    ; 33 (33)           ; 0 (0)        ; 0           ; 0            ; 0       ; 0         ; 0    ; 0            ; |binbcddes|lpm_divide0:inst2|lpm_divide:LPM_DIVIDE_component|lpm_divide_krp:auto_generated|sign_div_unsign_fkh:divider|alt_u_div_00f:divider ; work         ;
;    |lpm_divide0:inst3|                    ; 36 (0)            ; 0 (0)        ; 0           ; 0            ; 0       ; 0         ; 0    ; 0            ; |binbcddes|lpm_divide0:inst3                                                                                                                 ; work         ;
;       |lpm_divide:LPM_DIVIDE_component|   ; 36 (0)            ; 0 (0)        ; 0           ; 0            ; 0       ; 0         ; 0    ; 0            ; |binbcddes|lpm_divide0:inst3|lpm_divide:LPM_DIVIDE_component                                                                                 ; work         ;
;          |lpm_divide_krp:auto_generated|  ; 36 (0)            ; 0 (0)        ; 0           ; 0            ; 0       ; 0         ; 0    ; 0            ; |binbcddes|lpm_divide0:inst3|lpm_divide:LPM_DIVIDE_component|lpm_divide_krp:auto_generated                                                   ; work         ;
;             |sign_div_unsign_fkh:divider| ; 36 (0)            ; 0 (0)        ; 0           ; 0            ; 0       ; 0         ; 0    ; 0            ; |binbcddes|lpm_divide0:inst3|lpm_divide:LPM_DIVIDE_component|lpm_divide_krp:auto_generated|sign_div_unsign_fkh:divider                       ; work         ;
;                |alt_u_div_00f:divider|    ; 36 (36)           ; 0 (0)        ; 0           ; 0            ; 0       ; 0         ; 0    ; 0            ; |binbcddes|lpm_divide0:inst3|lpm_divide:LPM_DIVIDE_component|lpm_divide_krp:auto_generated|sign_div_unsign_fkh:divider|alt_u_div_00f:divider ; work         ;
;    |lpm_divide0:inst|                     ; 23 (0)            ; 0 (0)        ; 0           ; 0            ; 0       ; 0         ; 0    ; 0            ; |binbcddes|lpm_divide0:inst                                                                                                                  ; work         ;
;       |lpm_divide:LPM_DIVIDE_component|   ; 23 (0)            ; 0 (0)        ; 0           ; 0            ; 0       ; 0         ; 0    ; 0            ; |binbcddes|lpm_divide0:inst|lpm_divide:LPM_DIVIDE_component                                                                                  ; work         ;
;          |lpm_divide_krp:auto_generated|  ; 23 (0)            ; 0 (0)        ; 0           ; 0            ; 0       ; 0         ; 0    ; 0            ; |binbcddes|lpm_divide0:inst|lpm_divide:LPM_DIVIDE_component|lpm_divide_krp:auto_generated                                                    ; work         ;
;             |sign_div_unsign_fkh:divider| ; 23 (0)            ; 0 (0)        ; 0           ; 0            ; 0       ; 0         ; 0    ; 0            ; |binbcddes|lpm_divide0:inst|lpm_divide:LPM_DIVIDE_component|lpm_divide_krp:auto_generated|sign_div_unsign_fkh:divider                        ; work         ;
;                |alt_u_div_00f:divider|    ; 23 (23)           ; 0 (0)        ; 0           ; 0            ; 0       ; 0         ; 0    ; 0            ; |binbcddes|lpm_divide0:inst|lpm_divide:LPM_DIVIDE_component|lpm_divide_krp:auto_generated|sign_div_unsign_fkh:divider|alt_u_div_00f:divider  ; work         ;
+-------------------------------------------+-------------------+--------------+-------------+--------------+---------+-----------+------+--------------+----------------------------------------------------------------------------------------------------------------------------------------------+--------------+
Note: For table entries with two numbers listed, the numbers in parentheses indicate the number of resources of the given type used by the specific entity alone. The numbers listed outside of parentheses indicate the total resources of the given type used by the specific entity and all of its sub-entities in the hierarchy.


+-------------------------------------------------------------------------------------------------------------------------------------------------------------+
; Analysis & Synthesis IP Cores Summary                                                                                                                       ;
+--------+--------------+---------+--------------+--------------+--------------------------------+------------------------------------------------------------+
; Vendor ; IP Core Name ; Version ; Release Date ; License Type ; Entity Instance                ; IP Include File                                            ;
+--------+--------------+---------+--------------+--------------+--------------------------------+------------------------------------------------------------+
; Altera ; LPM_DIVIDE   ; N/A     ; N/A          ; N/A          ; |binbcddes|lpm_divide0:inst    ; U:/ECET229Fall2022/Labs/Misc/Min/binbcd2/lpm_divide0.tdf   ;
; Altera ; LPM_DIVIDE   ; N/A     ; N/A          ; N/A          ; |binbcddes|lpm_divide0:inst2   ; U:/ECET229Fall2022/Labs/Misc/Min/binbcd2/lpm_divide0.tdf   ;
; Altera ; LPM_DIVIDE   ; N/A     ; N/A          ; N/A          ; |binbcddes|lpm_divide0:inst3   ; U:/ECET229Fall2022/Labs/Misc/Min/binbcd2/lpm_divide0.tdf   ;
; Altera ; LPM_CONSTANT ; N/A     ; N/A          ; N/A          ; |binbcddes|lpm_constant0:inst4 ; U:/ECET229Fall2022/Labs/Misc/Min/binbcd2/lpm_constant0.tdf ;
; Altera ; LPM_CONSTANT ; N/A     ; N/A          ; N/A          ; |binbcddes|lpm_constant1:inst7 ; U:/ECET229Fall2022/Labs/Misc/Min/binbcd2/lpm_constant1.tdf ;
+--------+--------------+---------+--------------+--------------+--------------------------------+------------------------------------------------------------+


+------------------------------------------------------+
; General Register Statistics                          ;
+----------------------------------------------+-------+
; Statistic                                    ; Value ;
+----------------------------------------------+-------+
; Total registers                              ; 0     ;
; Number of registers using Synchronous Clear  ; 0     ;
; Number of registers using Synchronous Load   ; 0     ;
; Number of registers using Asynchronous Clear ; 0     ;
; Number of registers using Asynchronous Load  ; 0     ;
; Number of registers using Clock Enable       ; 0     ;
; Number of registers using Preset             ; 0     ;
+----------------------------------------------+-------+


+-----------------------------------------------------------------------------------------------+
; Parameter Settings for User Entity Instance: lpm_divide0:inst|lpm_divide:LPM_DIVIDE_component ;
+------------------------+----------------+-----------------------------------------------------+
; Parameter Name         ; Value          ; Type                                                ;
+------------------------+----------------+-----------------------------------------------------+
; LPM_WIDTHN             ; 8              ; Untyped                                             ;
; LPM_WIDTHD             ; 8              ; Untyped                                             ;
; LPM_NREPRESENTATION    ; UNSIGNED       ; Untyped                                             ;
; LPM_DREPRESENTATION    ; UNSIGNED       ; Untyped                                             ;
; LPM_PIPELINE           ; 0              ; Untyped                                             ;
; LPM_REMAINDERPOSITIVE  ; TRUE           ; Untyped                                             ;
; MAXIMIZE_SPEED         ; 5              ; Untyped                                             ;
; CBXI_PARAMETER         ; lpm_divide_krp ; Untyped                                             ;
; CARRY_CHAIN            ; MANUAL         ; Untyped                                             ;
; OPTIMIZE_FOR_SPEED     ; 5              ; Untyped                                             ;
; AUTO_CARRY_CHAINS      ; ON             ; AUTO_CARRY                                          ;
; IGNORE_CARRY_BUFFERS   ; OFF            ; IGNORE_CARRY                                        ;
; AUTO_CASCADE_CHAINS    ; ON             ; AUTO_CASCADE                                        ;
; IGNORE_CASCADE_BUFFERS ; OFF            ; IGNORE_CASCADE                                      ;
+------------------------+----------------+-----------------------------------------------------+
Note: In order to hide this table in the UI and the text report file, please set the "Show Parameter Settings in Synthesis Report" option in "Analysis and Synthesis Settings -> More Settings" to "Off".


+------------------------------------------------------------------------------------------------------+
; Parameter Settings for User Entity Instance: lpm_constant0:inst4|lpm_constant:LPM_CONSTANT_component ;
+--------------------+------------------+--------------------------------------------------------------+
; Parameter Name     ; Value            ; Type                                                         ;
+--------------------+------------------+--------------------------------------------------------------+
; LPM_WIDTH          ; 8                ; Untyped                                                      ;
; LPM_CVALUE         ; 100              ; Untyped                                                      ;
; ENABLE_RUNTIME_MOD ; NO               ; Untyped                                                      ;
; CBXI_PARAMETER     ; lpm_constant_4g6 ; Untyped                                                      ;
+--------------------+------------------+--------------------------------------------------------------+
Note: In order to hide this table in the UI and the text report file, please set the "Show Parameter Settings in Synthesis Report" option in "Analysis and Synthesis Settings -> More Settings" to "Off".


+------------------------------------------------------------------------------------------------+
; Parameter Settings for User Entity Instance: lpm_divide0:inst3|lpm_divide:LPM_DIVIDE_component ;
+------------------------+----------------+------------------------------------------------------+
; Parameter Name         ; Value          ; Type                                                 ;
+------------------------+----------------+------------------------------------------------------+
; LPM_WIDTHN             ; 8              ; Untyped                                              ;
; LPM_WIDTHD             ; 8              ; Untyped                                              ;
; LPM_NREPRESENTATION    ; UNSIGNED       ; Untyped                                              ;
; LPM_DREPRESENTATION    ; UNSIGNED       ; Untyped                                              ;
; LPM_PIPELINE           ; 0              ; Untyped                                              ;
; LPM_REMAINDERPOSITIVE  ; TRUE           ; Untyped                                              ;
; MAXIMIZE_SPEED         ; 5              ; Untyped                                              ;
; CBXI_PARAMETER         ; lpm_divide_krp ; Untyped                                              ;
; CARRY_CHAIN            ; MANUAL         ; Untyped                                              ;
; OPTIMIZE_FOR_SPEED     ; 5              ; Untyped                                              ;
; AUTO_CARRY_CHAINS      ; ON             ; AUTO_CARRY                                           ;
; IGNORE_CARRY_BUFFERS   ; OFF            ; IGNORE_CARRY                                         ;
; AUTO_CASCADE_CHAINS    ; ON             ; AUTO_CASCADE                                         ;
; IGNORE_CASCADE_BUFFERS ; OFF            ; IGNORE_CASCADE                                       ;
+------------------------+----------------+------------------------------------------------------+
Note: In order to hide this table in the UI and the text report file, please set the "Show Parameter Settings in Synthesis Report" option in "Analysis and Synthesis Settings -> More Settings" to "Off".


+------------------------------------------------------------------------------------------------------+
; Parameter Settings for User Entity Instance: lpm_constant1:inst7|lpm_constant:LPM_CONSTANT_component ;
+--------------------+------------------+--------------------------------------------------------------+
; Parameter Name     ; Value            ; Type                                                         ;
+--------------------+------------------+--------------------------------------------------------------+
; LPM_WIDTH          ; 8                ; Untyped                                                      ;
; LPM_CVALUE         ; 10               ; Untyped                                                      ;
; ENABLE_RUNTIME_MOD ; NO               ; Untyped                                                      ;
; CBXI_PARAMETER     ; lpm_constant_bh6 ; Untyped                                                      ;
+--------------------+------------------+--------------------------------------------------------------+
Note: In order to hide this table in the UI and the text report file, please set the "Show Parameter Settings in Synthesis Report" option in "Analysis and Synthesis Settings -> More Settings" to "Off".


+------------------------------------------------------------------------------------------------+
; Parameter Settings for User Entity Instance: lpm_divide0:inst2|lpm_divide:LPM_DIVIDE_component ;
+------------------------+----------------+------------------------------------------------------+
; Parameter Name         ; Value          ; Type                                                 ;
+------------------------+----------------+------------------------------------------------------+
; LPM_WIDTHN             ; 8              ; Untyped                                              ;
; LPM_WIDTHD             ; 8              ; Untyped                                              ;
; LPM_NREPRESENTATION    ; UNSIGNED       ; Untyped                                              ;
; LPM_DREPRESENTATION    ; UNSIGNED       ; Untyped                                              ;
; LPM_PIPELINE           ; 0              ; Untyped                                              ;
; LPM_REMAINDERPOSITIVE  ; TRUE           ; Untyped                                              ;
; MAXIMIZE_SPEED         ; 5              ; Untyped                                              ;
; CBXI_PARAMETER         ; lpm_divide_krp ; Untyped                                              ;
; CARRY_CHAIN            ; MANUAL         ; Untyped                                              ;
; OPTIMIZE_FOR_SPEED     ; 5              ; Untyped                                              ;
; AUTO_CARRY_CHAINS      ; ON             ; AUTO_CARRY                                           ;
; IGNORE_CARRY_BUFFERS   ; OFF            ; IGNORE_CARRY                                         ;
; AUTO_CASCADE_CHAINS    ; ON             ; AUTO_CASCADE                                         ;
; IGNORE_CASCADE_BUFFERS ; OFF            ; IGNORE_CASCADE                                       ;
+------------------------+----------------+------------------------------------------------------+
Note: In order to hide this table in the UI and the text report file, please set the "Show Parameter Settings in Synthesis Report" option in "Analysis and Synthesis Settings -> More Settings" to "Off".


+-------------------------------+
; Elapsed Time Per Partition    ;
+----------------+--------------+
; Partition Name ; Elapsed Time ;
+----------------+--------------+
; Top            ; 00:00:01     ;
+----------------+--------------+


+-------------------------------+
; Analysis & Synthesis Messages ;
+-------------------------------+
Info: *******************************************************************
Info: Running Quartus II 64-Bit Analysis & Synthesis
    Info: Version 13.0.1 Build 232 06/12/2013 Service Pack 1 SJ Full Version
    Info: Processing started: Fri Oct 14 02:20:01 2022
Info: Command: quartus_map --read_settings_files=on --write_settings_files=off binbcddes -c binbcddes
Info (11104): Parallel Compilation has detected 8 hyper-threaded processors. However, the extra hyper-threaded processors will not be used by default. Parallel Compilation will use 4 of the 4 physical processors detected instead.
Info (12021): Found 1 design units, including 1 entities, in source file binbcddes.bdf
    Info (12023): Found entity 1: binbcddes
Info (12127): Elaborating entity "binbcddes" for the top level hierarchy
Warning (12125): Using design file lpm_divide0.tdf, which is not specified as a design file for the current project, but contains definitions for 1 design units and 1 entities in project
    Info (12023): Found entity 1: lpm_divide0
Info (12128): Elaborating entity "lpm_divide0" for hierarchy "lpm_divide0:inst"
Info (12128): Elaborating entity "lpm_divide" for hierarchy "lpm_divide0:inst|lpm_divide:LPM_DIVIDE_component"
Info (12130): Elaborated megafunction instantiation "lpm_divide0:inst|lpm_divide:LPM_DIVIDE_component"
Info (12133): Instantiated megafunction "lpm_divide0:inst|lpm_divide:LPM_DIVIDE_component" with the following parameter:
    Info (12134): Parameter "LPM_TYPE" = "LPM_DIVIDE"
    Info (12134): Parameter "LPM_HINT" = "LPM_REMAINDERPOSITIVE=TRUE"
    Info (12134): Parameter "LPM_WIDTHN" = "8"
    Info (12134): Parameter "LPM_WIDTHD" = "8"
    Info (12134): Parameter "LPM_NREPRESENTATION" = "UNSIGNED"
    Info (12134): Parameter "LPM_DREPRESENTATION" = "UNSIGNED"
Info (12021): Found 1 design units, including 1 entities, in source file db/lpm_divide_krp.tdf
    Info (12023): Found entity 1: lpm_divide_krp
Info (12128): Elaborating entity "lpm_divide_krp" for hierarchy "lpm_divide0:inst|lpm_divide:LPM_DIVIDE_component|lpm_divide_krp:auto_generated"
Info (12021): Found 1 design units, including 1 entities, in source file db/sign_div_unsign_fkh.tdf
    Info (12023): Found entity 1: sign_div_unsign_fkh
Info (12128): Elaborating entity "sign_div_unsign_fkh" for hierarchy "lpm_divide0:inst|lpm_divide:LPM_DIVIDE_component|lpm_divide_krp:auto_generated|sign_div_unsign_fkh:divider"
Info (12021): Found 1 design units, including 1 entities, in source file db/alt_u_div_00f.tdf
    Info (12023): Found entity 1: alt_u_div_00f
Info (12128): Elaborating entity "alt_u_div_00f" for hierarchy "lpm_divide0:inst|lpm_divide:LPM_DIVIDE_component|lpm_divide_krp:auto_generated|sign_div_unsign_fkh:divider|alt_u_div_00f:divider"
Info (12021): Found 1 design units, including 1 entities, in source file db/add_sub_lkc.tdf
    Info (12023): Found entity 1: add_sub_lkc
Info (12128): Elaborating entity "add_sub_lkc" for hierarchy "lpm_divide0:inst|lpm_divide:LPM_DIVIDE_component|lpm_divide_krp:auto_generated|sign_div_unsign_fkh:divider|alt_u_div_00f:divider|add_sub_lkc:add_sub_0"
Info (12021): Found 1 design units, including 1 entities, in source file db/add_sub_mkc.tdf
    Info (12023): Found entity 1: add_sub_mkc
Info (12128): Elaborating entity "add_sub_mkc" for hierarchy "lpm_divide0:inst|lpm_divide:LPM_DIVIDE_component|lpm_divide_krp:auto_generated|sign_div_unsign_fkh:divider|alt_u_div_00f:divider|add_sub_mkc:add_sub_1"
Warning (12125): Using design file lpm_constant0.tdf, which is not specified as a design file for the current project, but contains definitions for 1 design units and 1 entities in project
    Info (12023): Found entity 1: lpm_constant0
Info (12128): Elaborating entity "lpm_constant0" for hierarchy "lpm_constant0:inst4"
Info (12128): Elaborating entity "lpm_constant" for hierarchy "lpm_constant0:inst4|lpm_constant:LPM_CONSTANT_component"
Info (12130): Elaborated megafunction instantiation "lpm_constant0:inst4|lpm_constant:LPM_CONSTANT_component"
Info (12133): Instantiated megafunction "lpm_constant0:inst4|lpm_constant:LPM_CONSTANT_component" with the following parameter:
    Info (12134): Parameter "LPM_TYPE" = "LPM_CONSTANT"
    Info (12134): Parameter "LPM_HINT" = "ENABLE_RUNTIME_MOD=NO"
    Info (12134): Parameter "LPM_WIDTH" = "8"
    Info (12134): Parameter "LPM_CVALUE" = "100"
Info (12128): Elaborating entity "lpm_divide0" for hierarchy "lpm_divide0:inst3"
Warning (12125): Using design file lpm_constant1.tdf, which is not specified as a design file for the current project, but contains definitions for 1 design units and 1 entities in project
    Info (12023): Found entity 1: lpm_constant1
Info (12128): Elaborating entity "lpm_constant1" for hierarchy "lpm_constant1:inst7"
Info (12128): Elaborating entity "lpm_constant" for hierarchy "lpm_constant1:inst7|lpm_constant:LPM_CONSTANT_component"
Info (12130): Elaborated megafunction instantiation "lpm_constant1:inst7|lpm_constant:LPM_CONSTANT_component"
Info (12133): Instantiated megafunction "lpm_constant1:inst7|lpm_constant:LPM_CONSTANT_component" with the following parameter:
    Info (12134): Parameter "LPM_TYPE" = "LPM_CONSTANT"
    Info (12134): Parameter "LPM_HINT" = "ENABLE_RUNTIME_MOD=NO"
    Info (12134): Parameter "LPM_WIDTH" = "8"
    Info (12134): Parameter "LPM_CVALUE" = "10"
Info (12128): Elaborating entity "lpm_divide0" for hierarchy "lpm_divide0:inst2"
Warning (13024): Output pins are stuck at VCC or GND
    Warning (13410): Pin "hnd[3]" is stuck at GND
    Warning (13410): Pin "hnd[2]" is stuck at GND
Info (16010): Generating hard_block partition "hard_block:auto_generated_inst"
    Info (16011): Adding 0 node(s), including 0 DDIO, 0 PLL, 0 transceiver and 0 LCELL
Info (21057): Implemented 112 device resources after synthesis - the final resource count might be different
    Info (21058): Implemented 8 input pins
    Info (21059): Implemented 12 output pins
    Info (21061): Implemented 92 logic cells
Info: Quartus II 64-Bit Analysis & Synthesis was successful. 0 errors, 6 warnings
    Info: Peak virtual memory: 4607 megabytes
    Info: Processing ended: Fri Oct 14 02:20:36 2022
    Info: Elapsed time: 00:00:35
    Info: Total CPU time (on all processors): 00:00:02


